  [1m[35m (0.1ms)[0m  [1m[34mSELECT sqlite_version(*)[0m
  ↳ bin/rails:9
  [1m[35m (4.0ms)[0m  [1m[35mCREATE TABLE "schema_migrations" ("version" varchar NOT NULL PRIMARY KEY)[0m
  ↳ bin/rails:9
  [1m[35m (2.0ms)[0m  [1m[35mCREATE TABLE "ar_internal_metadata" ("key" varchar NOT NULL PRIMARY KEY, "value" varchar, "created_at" datetime NOT NULL, "updated_at" datetime NOT NULL)[0m
  ↳ bin/rails:9
  [1m[35m (0.1ms)[0m  [1m[34mSELECT "schema_migrations"."version" FROM "schema_migrations" ORDER BY "schema_migrations"."version" ASC[0m
  ↳ bin/rails:9
Migrating to CreateUsers (20220902082550)
  [1m[35m (0.1ms)[0m  [1m[36mbegin transaction[0m
  ↳ bin/rails:9
  [1m[35m (0.4ms)[0m  [1m[35mCREATE TABLE "users" ("id" integer PRIMARY KEY AUTOINCREMENT NOT NULL, "name" varchar, "email" varchar, "created_at" datetime NOT NULL, "updated_at" datetime NOT NULL)[0m
  ↳ db/migrate/20220902082550_create_users.rb:3
  [1m[36mActiveRecord::SchemaMigration Create (0.2ms)[0m  [1m[32mINSERT INTO "schema_migrations" ("version") VALUES (?)[0m  [["version", "20220902082550"]]
  ↳ bin/rails:9
  [1m[35m (2.0ms)[0m  [1m[36mcommit transaction[0m
  ↳ bin/rails:9
  [1m[36mActiveRecord::InternalMetadata Load (0.3ms)[0m  [1m[34mSELECT  "ar_internal_metadata".* FROM "ar_internal_metadata" WHERE "ar_internal_metadata"."key" = ? LIMIT ?[0m  [["key", "environment"], ["LIMIT", 1]]
  ↳ bin/rails:9
  [1m[35m (0.0ms)[0m  [1m[36mbegin transaction[0m
  ↳ bin/rails:9
  [1m[36mActiveRecord::InternalMetadata Create (0.1ms)[0m  [1m[32mINSERT INTO "ar_internal_metadata" ("key", "value", "created_at", "updated_at") VALUES (?, ?, ?, ?)[0m  [["key", "environment"], ["value", "development"], ["created_at", "2022-09-02 08:25:58.864773"], ["updated_at", "2022-09-02 08:25:58.864773"]]
  ↳ bin/rails:9
  [1m[35m (1.4ms)[0m  [1m[36mcommit transaction[0m
  ↳ bin/rails:9
  [1m[35m (0.0ms)[0m  [1m[34mSELECT "schema_migrations"."version" FROM "schema_migrations" ORDER BY "schema_migrations"."version" ASC[0m
  ↳ bin/rails:9
  [1m[35m (0.1ms)[0m  [1m[34mSELECT "schema_migrations"."version" FROM "schema_migrations" ORDER BY "schema_migrations"."version" ASC[0m
  ↳ /usr/local/bin/rake:23
  [1m[35m (0.1ms)[0m  [1m[34mSELECT "ar_internal_metadata"."value" FROM "ar_internal_metadata" WHERE "ar_internal_metadata"."key" = ?[0m  [["key", "environment"]]
  ↳ /usr/local/bin/rake:23
  [1m[35m (0.0ms)[0m  [1m[34mSELECT "schema_migrations"."version" FROM "schema_migrations" ORDER BY "schema_migrations"."version" ASC[0m
  ↳ /usr/local/bin/rake:23
  [1m[35m (0.0ms)[0m  [1m[34mSELECT "ar_internal_metadata"."value" FROM "ar_internal_metadata" WHERE "ar_internal_metadata"."key" = ?[0m  [["key", "environment"]]
  ↳ /usr/local/bin/rake:23
  [1m[35m (0.0ms)[0m  [1m[34mSELECT "schema_migrations"."version" FROM "schema_migrations" ORDER BY "schema_migrations"."version" ASC[0m
  ↳ /usr/local/bin/rake:23
  [1m[35m (0.0ms)[0m  [1m[34mSELECT "ar_internal_metadata"."value" FROM "ar_internal_metadata" WHERE "ar_internal_metadata"."key" = ?[0m  [["key", "environment"]]
  ↳ /usr/local/bin/rake:23
  [1m[35m (0.1ms)[0m  [1m[35mDROP TABLE IF EXISTS "users"[0m
  ↳ db/schema.rb:15
  [1m[35m (0.1ms)[0m  [1m[34mSELECT sqlite_version(*)[0m
  ↳ db/schema.rb:15
  [1m[35m (2.1ms)[0m  [1m[35mCREATE TABLE "users" ("id" integer PRIMARY KEY AUTOINCREMENT NOT NULL, "name" varchar, "email" varchar, "created_at" datetime NOT NULL, "updated_at" datetime NOT NULL)[0m
  ↳ db/schema.rb:15
  [1m[35m (0.2ms)[0m  [1m[35mDROP TABLE IF EXISTS "film_people"[0m
  ↳ db/schema.rb:22
  [1m[35m (3.7ms)[0m  [1m[35mCREATE TABLE "film_people" ("id" integer PRIMARY KEY AUTOINCREMENT NOT NULL, "created_at" datetime(6) NOT NULL, "updated_at" datetime(6) NOT NULL)[0m
  ↳ db/schema.rb:22
  [1m[35m (0.1ms)[0m  [1m[35mDROP TABLE IF EXISTS "films"[0m
  ↳ db/schema.rb:27
  [1m[35m (1.7ms)[0m  [1m[35mCREATE TABLE "films" ("id" integer PRIMARY KEY AUTOINCREMENT NOT NULL, "title" varchar, "created_at" datetime(6) NOT NULL, "updated_at" datetime(6) NOT NULL)[0m
  ↳ db/schema.rb:27
  [1m[35m (0.2ms)[0m  [1m[35mDROP TABLE IF EXISTS "films_people"[0m
  ↳ db/schema.rb:33
  [1m[35m (2.0ms)[0m  [1m[35mCREATE TABLE "films_people" ("id" integer PRIMARY KEY AUTOINCREMENT NOT NULL, "film_id" bigint NOT NULL, "person_id" bigint NOT NULL, "created_at" datetime(6) NOT NULL, "updated_at" datetime(6) NOT NULL)[0m
  ↳ db/schema.rb:33
  [1m[35m (3.4ms)[0m  [1m[35mCREATE  INDEX "index_films_people_on_film_id" ON "films_people" ("film_id")[0m
  ↳ db/schema.rb:33
  [1m[35m (1.9ms)[0m  [1m[35mCREATE  INDEX "index_films_people_on_person_id" ON "films_people" ("person_id")[0m
  ↳ db/schema.rb:33
  [1m[35m (0.2ms)[0m  [1m[35mDROP TABLE IF EXISTS "people"[0m
  ↳ db/schema.rb:42
  [1m[35m (1.9ms)[0m  [1m[35mCREATE TABLE "people" ("id" integer PRIMARY KEY AUTOINCREMENT NOT NULL, "name" varchar, "species_id" bigint NOT NULL, "created_at" datetime(6) NOT NULL, "updated_at" datetime(6) NOT NULL, "home_planet_id" integer)[0m
  ↳ db/schema.rb:42
  [1m[35m (3.4ms)[0m  [1m[35mCREATE  INDEX "index_people_on_species_id" ON "people" ("species_id")[0m
  ↳ db/schema.rb:42
  [1m[35m (0.1ms)[0m  [1m[35mDROP TABLE IF EXISTS "person_films"[0m
  ↳ db/schema.rb:51
  [1m[35m (2.3ms)[0m  [1m[35mCREATE TABLE "person_films" ("id" integer PRIMARY KEY AUTOINCREMENT NOT NULL, "person_id" bigint NOT NULL, "film_id" bigint NOT NULL, "created_at" datetime(6) NOT NULL, "updated_at" datetime(6) NOT NULL)[0m
  ↳ db/schema.rb:51
  [1m[35m (3.0ms)[0m  [1m[35mCREATE  INDEX "index_person_films_on_film_id" ON "person_films" ("film_id")[0m
  ↳ db/schema.rb:51
  [1m[35m (4.7ms)[0m  [1m[35mCREATE  INDEX "index_person_films_on_person_id" ON "person_films" ("person_id")[0m
  ↳ db/schema.rb:51
  [1m[35m (0.1ms)[0m  [1m[35mDROP TABLE IF EXISTS "planets"[0m
  ↳ db/schema.rb:60
  [1m[35m (2.5ms)[0m  [1m[35mCREATE TABLE "planets" ("id" integer PRIMARY KEY AUTOINCREMENT NOT NULL, "name" varchar, "created_at" datetime(6) NOT NULL, "updated_at" datetime(6) NOT NULL, "senator_id" integer)[0m
  ↳ db/schema.rb:60
  [1m[35m (0.2ms)[0m  [1m[35mDROP TABLE IF EXISTS "species"[0m
  ↳ db/schema.rb:67
  [1m[35m (2.9ms)[0m  [1m[35mCREATE TABLE "species" ("id" integer PRIMARY KEY AUTOINCREMENT NOT NULL, "name" varchar, "created_at" datetime(6) NOT NULL, "updated_at" datetime(6) NOT NULL)[0m
  ↳ db/schema.rb:67
  [1m[35m (2.0ms)[0m  [1m[35mCREATE TABLE "schema_migrations" ("version" varchar NOT NULL PRIMARY KEY)[0m
  ↳ db/schema.rb:13
  [1m[35m (0.1ms)[0m  [1m[34mSELECT "schema_migrations"."version" FROM "schema_migrations" ORDER BY "schema_migrations"."version" ASC[0m
  ↳ db/schema.rb:13
  [1m[35m (2.8ms)[0m  [1m[32mINSERT INTO "schema_migrations" (version) VALUES (20220902082550)[0m
  ↳ db/schema.rb:13
  [1m[35m (3.2ms)[0m  [1m[35mCREATE TABLE "ar_internal_metadata" ("key" varchar NOT NULL PRIMARY KEY, "value" varchar, "created_at" datetime NOT NULL, "updated_at" datetime NOT NULL)[0m
  ↳ db/schema.rb:13
  [1m[36mActiveRecord::InternalMetadata Load (0.4ms)[0m  [1m[34mSELECT  "ar_internal_metadata".* FROM "ar_internal_metadata" WHERE "ar_internal_metadata"."key" = ? LIMIT ?[0m  [["key", "environment"], ["LIMIT", 1]]
  ↳ db/schema.rb:13
  [1m[35m (0.1ms)[0m  [1m[36mbegin transaction[0m
  ↳ db/schema.rb:13
  [1m[36mActiveRecord::InternalMetadata Create (0.6ms)[0m  [1m[32mINSERT INTO "ar_internal_metadata" ("key", "value", "created_at", "updated_at") VALUES (?, ?, ?, ?)[0m  [["key", "environment"], ["value", "development"], ["created_at", "2022-09-02 08:27:16.769485"], ["updated_at", "2022-09-02 08:27:16.769485"]]
  ↳ db/schema.rb:13
  [1m[35m (1.7ms)[0m  [1m[36mcommit transaction[0m
  ↳ db/schema.rb:13
  [1m[36mActiveRecord::InternalMetadata Load (0.1ms)[0m  [1m[34mSELECT  "ar_internal_metadata".* FROM "ar_internal_metadata" WHERE "ar_internal_metadata"."key" = ? LIMIT ?[0m  [["key", "environment"], ["LIMIT", 1]]
  ↳ /usr/local/bin/rake:23
  [1m[35m (0.1ms)[0m  [1m[36mbegin transaction[0m
  ↳ /usr/local/bin/rake:23
  [1m[35m (0.3ms)[0m  [1m[36mcommit transaction[0m
  ↳ /usr/local/bin/rake:23
  [1m[35m (0.1ms)[0m  [1m[35mDROP TABLE IF EXISTS "users"[0m
  ↳ db/schema.rb:15
  [1m[35m (0.1ms)[0m  [1m[34mSELECT sqlite_version(*)[0m
  ↳ db/schema.rb:15
  [1m[35m (2.0ms)[0m  [1m[35mCREATE TABLE "users" ("id" integer PRIMARY KEY AUTOINCREMENT NOT NULL, "name" varchar, "email" varchar, "created_at" datetime NOT NULL, "updated_at" datetime NOT NULL)[0m
  ↳ db/schema.rb:15
  [1m[35m (0.1ms)[0m  [1m[35mDROP TABLE IF EXISTS "film_people"[0m
  ↳ db/schema.rb:22
  [1m[35m (3.5ms)[0m  [1m[35mCREATE TABLE "film_people" ("id" integer PRIMARY KEY AUTOINCREMENT NOT NULL, "created_at" datetime(6) NOT NULL, "updated_at" datetime(6) NOT NULL)[0m
  ↳ db/schema.rb:22
  [1m[35m (0.1ms)[0m  [1m[35mDROP TABLE IF EXISTS "films"[0m
  ↳ db/schema.rb:27
  [1m[35m (1.9ms)[0m  [1m[35mCREATE TABLE "films" ("id" integer PRIMARY KEY AUTOINCREMENT NOT NULL, "title" varchar, "created_at" datetime(6) NOT NULL, "updated_at" datetime(6) NOT NULL)[0m
  ↳ db/schema.rb:27
  [1m[35m (0.1ms)[0m  [1m[35mDROP TABLE IF EXISTS "films_people"[0m
  ↳ db/schema.rb:33
  [1m[35m (1.8ms)[0m  [1m[35mCREATE TABLE "films_people" ("id" integer PRIMARY KEY AUTOINCREMENT NOT NULL, "film_id" bigint NOT NULL, "person_id" bigint NOT NULL, "created_at" datetime(6) NOT NULL, "updated_at" datetime(6) NOT NULL)[0m
  ↳ db/schema.rb:33
  [1m[35m (1.8ms)[0m  [1m[35mCREATE  INDEX "index_films_people_on_film_id" ON "films_people" ("film_id")[0m
  ↳ db/schema.rb:33
  [1m[35m (2.2ms)[0m  [1m[35mCREATE  INDEX "index_films_people_on_person_id" ON "films_people" ("person_id")[0m
  ↳ db/schema.rb:33
  [1m[35m (0.1ms)[0m  [1m[35mDROP TABLE IF EXISTS "people"[0m
  ↳ db/schema.rb:42
  [1m[35m (3.4ms)[0m  [1m[35mCREATE TABLE "people" ("id" integer PRIMARY KEY AUTOINCREMENT NOT NULL, "name" varchar, "species_id" bigint NOT NULL, "created_at" datetime(6) NOT NULL, "updated_at" datetime(6) NOT NULL, "home_planet_id" integer)[0m
  ↳ db/schema.rb:42
  [1m[35m (3.5ms)[0m  [1m[35mCREATE  INDEX "index_people_on_species_id" ON "people" ("species_id")[0m
  ↳ db/schema.rb:42
  [1m[35m (0.1ms)[0m  [1m[35mDROP TABLE IF EXISTS "person_films"[0m
  ↳ db/schema.rb:51
  [1m[35m (2.5ms)[0m  [1m[35mCREATE TABLE "person_films" ("id" integer PRIMARY KEY AUTOINCREMENT NOT NULL, "person_id" bigint NOT NULL, "film_id" bigint NOT NULL, "created_at" datetime(6) NOT NULL, "updated_at" datetime(6) NOT NULL)[0m
  ↳ db/schema.rb:51
  [1m[35m (1.9ms)[0m  [1m[35mCREATE  INDEX "index_person_films_on_film_id" ON "person_films" ("film_id")[0m
  ↳ db/schema.rb:51
  [1m[35m (2.0ms)[0m  [1m[35mCREATE  INDEX "index_person_films_on_person_id" ON "person_films" ("person_id")[0m
  ↳ db/schema.rb:51
  [1m[35m (0.1ms)[0m  [1m[35mDROP TABLE IF EXISTS "planets"[0m
  ↳ db/schema.rb:60
  [1m[35m (2.4ms)[0m  [1m[35mCREATE TABLE "planets" ("id" integer PRIMARY KEY AUTOINCREMENT NOT NULL, "name" varchar, "created_at" datetime(6) NOT NULL, "updated_at" datetime(6) NOT NULL, "senator_id" integer)[0m
  ↳ db/schema.rb:60
  [1m[35m (0.1ms)[0m  [1m[35mDROP TABLE IF EXISTS "species"[0m
  ↳ db/schema.rb:67
  [1m[35m (3.4ms)[0m  [1m[35mCREATE TABLE "species" ("id" integer PRIMARY KEY AUTOINCREMENT NOT NULL, "name" varchar, "created_at" datetime(6) NOT NULL, "updated_at" datetime(6) NOT NULL)[0m
  ↳ db/schema.rb:67
  [1m[35m (3.2ms)[0m  [1m[35mCREATE TABLE "schema_migrations" ("version" varchar NOT NULL PRIMARY KEY)[0m
  ↳ db/schema.rb:13
  [1m[35m (0.1ms)[0m  [1m[34mSELECT "schema_migrations"."version" FROM "schema_migrations" ORDER BY "schema_migrations"."version" ASC[0m
  ↳ db/schema.rb:13
  [1m[35m (3.0ms)[0m  [1m[32mINSERT INTO "schema_migrations" (version) VALUES (20220902082550)[0m
  ↳ db/schema.rb:13
  [1m[35m (1.7ms)[0m  [1m[35mCREATE TABLE "ar_internal_metadata" ("key" varchar NOT NULL PRIMARY KEY, "value" varchar, "created_at" datetime NOT NULL, "updated_at" datetime NOT NULL)[0m
  ↳ db/schema.rb:13
  [1m[36mActiveRecord::InternalMetadata Load (0.1ms)[0m  [1m[34mSELECT  "ar_internal_metadata".* FROM "ar_internal_metadata" WHERE "ar_internal_metadata"."key" = ? LIMIT ?[0m  [["key", "environment"], ["LIMIT", 1]]
  ↳ db/schema.rb:13
  [1m[35m (0.0ms)[0m  [1m[36mbegin transaction[0m
  ↳ db/schema.rb:13
  [1m[36mActiveRecord::InternalMetadata Create (0.2ms)[0m  [1m[32mINSERT INTO "ar_internal_metadata" ("key", "value", "created_at", "updated_at") VALUES (?, ?, ?, ?)[0m  [["key", "environment"], ["value", "development"], ["created_at", "2022-09-02 08:27:16.843758"], ["updated_at", "2022-09-02 08:27:16.843758"]]
  ↳ db/schema.rb:13
  [1m[35m (1.6ms)[0m  [1m[36mcommit transaction[0m
  ↳ db/schema.rb:13
  [1m[36mActiveRecord::InternalMetadata Load (0.1ms)[0m  [1m[34mSELECT  "ar_internal_metadata".* FROM "ar_internal_metadata" WHERE "ar_internal_metadata"."key" = ? LIMIT ?[0m  [["key", "environment"], ["LIMIT", 1]]
  ↳ /usr/local/bin/rake:23
  [1m[35m (0.1ms)[0m  [1m[36mbegin transaction[0m
  ↳ /usr/local/bin/rake:23
  [1m[36mActiveRecord::InternalMetadata Update (0.2ms)[0m  [1m[33mUPDATE "ar_internal_metadata" SET "value" = ?, "updated_at" = ? WHERE "ar_internal_metadata"."key" = ?[0m  [["value", "test"], ["updated_at", "2022-09-02 08:27:16.850052"], ["key", "environment"]]
  ↳ /usr/local/bin/rake:23
  [1m[35m (1.4ms)[0m  [1m[36mcommit transaction[0m
  ↳ /usr/local/bin/rake:23
  [1m[35m (0.0ms)[0m  [1m[36mbegin transaction[0m
  [1m[36mFilm Create (0.2ms)[0m  [1m[32mINSERT INTO "films" ("title", "created_at", "updated_at") VALUES (?, ?, ?)[0m  [["title", "film1"], ["created_at", "2022-09-02 08:29:35.290841"], ["updated_at", "2022-09-02 08:29:35.290841"]]
  [1m[35m (11.3ms)[0m  [1m[36mcommit transaction[0m
  [1m[35m (0.0ms)[0m  [1m[36mbegin transaction[0m
  [1m[36mSpecies Create (0.2ms)[0m  [1m[32mINSERT INTO "species" ("name", "created_at", "updated_at") VALUES (?, ?, ?)[0m  [["name", "specie 1"], ["created_at", "2022-09-02 12:40:21.242172"], ["updated_at", "2022-09-02 12:40:21.242172"]]
  [1m[35m (2.0ms)[0m  [1m[36mcommit transaction[0m
  [1m[35m (0.1ms)[0m  [1m[36mbegin transaction[0m
  [1m[36mSpecies Create (0.2ms)[0m  [1m[32mINSERT INTO "species" ("name", "created_at", "updated_at") VALUES (?, ?, ?)[0m  [["name", "specie 2"], ["created_at", "2022-09-02 12:40:32.503095"], ["updated_at", "2022-09-02 12:40:32.503095"]]
  [1m[35m (12.0ms)[0m  [1m[36mcommit transaction[0m
  [1m[35m (0.1ms)[0m  [1m[36mbegin transaction[0m
  [1m[36mSpecies Create (0.2ms)[0m  [1m[32mINSERT INTO "species" ("name", "created_at", "updated_at") VALUES (?, ?, ?)[0m  [["name", "specie 3"], ["created_at", "2022-09-02 12:40:35.707875"], ["updated_at", "2022-09-02 12:40:35.707875"]]
  [1m[35m (38.2ms)[0m  [1m[36mcommit transaction[0m
  [1m[35m (0.0ms)[0m  [1m[36mbegin transaction[0m
  [1m[36mPerson Load (0.1ms)[0m  [1m[34mSELECT  "people".* FROM "people" WHERE "people"."id" = ? LIMIT ?[0m  [["id", 1], ["LIMIT", 1]]
  [1m[35m (0.1ms)[0m  [1m[31mrollback transaction[0m
  [1m[35m (0.1ms)[0m  [1m[36mbegin transaction[0m
  [1m[35m (0.0ms)[0m  [1m[31mrollback transaction[0m
  [1m[35m (0.1ms)[0m  [1m[36mbegin transaction[0m
  [1m[36mPlanet Load (0.1ms)[0m  [1m[34mSELECT  "planets".* FROM "planets" WHERE "planets"."id" = ? LIMIT ?[0m  [["id", 1], ["LIMIT", 1]]
  [1m[35m (0.0ms)[0m  [1m[31mrollback transaction[0m
  [1m[35m (0.1ms)[0m  [1m[36mbegin transaction[0m
  [1m[35m (0.0ms)[0m  [1m[31mrollback transaction[0m
  [1m[35m (0.1ms)[0m  [1m[36mbegin transaction[0m
  [1m[35m (0.0ms)[0m  [1m[31mrollback transaction[0m
  [1m[35m (0.1ms)[0m  [1m[36mbegin transaction[0m
  [1m[36mPlanet Load (0.1ms)[0m  [1m[34mSELECT  "planets".* FROM "planets" WHERE "planets"."id" = ? LIMIT ?[0m  [["id", 1], ["LIMIT", 1]]
  [1m[35m (0.0ms)[0m  [1m[31mrollback transaction[0m
  [1m[35m (0.1ms)[0m  [1m[36mbegin transaction[0m
  [1m[36mSpecies Load (0.1ms)[0m  [1m[34mSELECT  "species".* FROM "species" WHERE "species"."id" = ? LIMIT ?[0m  [["id", 1], ["LIMIT", 1]]
  [1m[35m (0.1ms)[0m  [1m[31mrollback transaction[0m
  [1m[35m (0.1ms)[0m  [1m[36mbegin transaction[0m
  [1m[36mSpecies Load (0.1ms)[0m  [1m[34mSELECT  "species".* FROM "species" WHERE "species"."id" = ? LIMIT ?[0m  [["id", 1], ["LIMIT", 1]]
  [1m[36mPlanet Load (0.0ms)[0m  [1m[34mSELECT  "planets".* FROM "planets" WHERE "planets"."id" = ? LIMIT ?[0m  [["id", 1], ["LIMIT", 1]]
  [1m[35m (0.0ms)[0m  [1m[31mrollback transaction[0m
  [1m[35m (0.0ms)[0m  [1m[36mbegin transaction[0m
  [1m[36mSpecies Load (0.1ms)[0m  [1m[34mSELECT  "species".* FROM "species" WHERE "species"."id" = ? LIMIT ?[0m  [["id", 1], ["LIMIT", 1]]
  [1m[35m (0.0ms)[0m  [1m[31mrollback transaction[0m
  [1m[35m (0.1ms)[0m  [1m[36mbegin transaction[0m
  [1m[35m (0.0ms)[0m  [1m[31mrollback transaction[0m
  [1m[35m (0.1ms)[0m  [1m[36mbegin transaction[0m
  [1m[35m (0.0ms)[0m  [1m[31mrollback transaction[0m
  [1m[35m (0.1ms)[0m  [1m[36mbegin transaction[0m
  [1m[36mSpecies Load (0.1ms)[0m  [1m[34mSELECT  "species".* FROM "species" WHERE "species"."id" = ? LIMIT ?[0m  [["id", 1], ["LIMIT", 1]]
  [1m[36mPlanet Load (0.1ms)[0m  [1m[34mSELECT  "planets".* FROM "planets" WHERE "planets"."id" = ? LIMIT ?[0m  [["id", 1], ["LIMIT", 1]]
  [1m[35m (0.1ms)[0m  [1m[31mrollback transaction[0m
